2023-06-02 21:29:45 [scrapy.extensions.telnet] INFO: Telnet Password: ddffb91997431430
2023-06-02 21:29:46 [scrapy.middleware] INFO: Enabled extensions:
['scrapy.extensions.corestats.CoreStats',
 'scrapy.extensions.telnet.TelnetConsole',
 'scrapy.extensions.feedexport.FeedExporter',
 'scrapy.extensions.logstats.LogStats']
2023-06-02 21:29:46 [scrapy.middleware] INFO: Enabled downloader middlewares:
['scrapy.downloadermiddlewares.httpauth.HttpAuthMiddleware',
 'scrapy.downloadermiddlewares.downloadtimeout.DownloadTimeoutMiddleware',
 'scrapy.downloadermiddlewares.defaultheaders.DefaultHeadersMiddleware',
 'scrapy.downloadermiddlewares.useragent.UserAgentMiddleware',
 'scrapy.downloadermiddlewares.retry.RetryMiddleware',
 'scrapy.downloadermiddlewares.redirect.MetaRefreshMiddleware',
 'scrapy.downloadermiddlewares.httpcompression.HttpCompressionMiddleware',
 'scrapy.downloadermiddlewares.redirect.RedirectMiddleware',
 'scrapy.downloadermiddlewares.httpproxy.HttpProxyMiddleware',
 'scrapy.downloadermiddlewares.stats.DownloaderStats']
2023-06-02 21:29:46 [scrapy.middleware] INFO: Enabled spider middlewares:
['scrapy.spidermiddlewares.httperror.HttpErrorMiddleware',
 'scrapy.spidermiddlewares.offsite.OffsiteMiddleware',
 'scrapy.spidermiddlewares.referer.RefererMiddleware',
 'scrapy.spidermiddlewares.urllength.UrlLengthMiddleware',
 'scrapy.spidermiddlewares.depth.DepthMiddleware']
2023-06-02 21:29:46 [scrapy.middleware] INFO: Enabled item pipelines:
[]
2023-06-02 21:29:46 [scrapy.core.engine] INFO: Spider opened
2023-06-02 21:29:46 [scrapy.extensions.logstats] INFO: Crawled 0 pages (at 0 pages/min), scraped 0 items (at 0 items/min)
2023-06-02 21:29:46 [scrapy.extensions.telnet] INFO: Telnet console listening on 127.0.0.1:6024
2023-06-02 21:30:46 [scrapy.extensions.logstats] INFO: Crawled 49 pages (at 49 pages/min), scraped 44 items (at 44 items/min)
2023-06-02 21:31:46 [scrapy.extensions.logstats] INFO: Crawled 96 pages (at 47 pages/min), scraped 87 items (at 43 items/min)
2023-06-02 21:32:46 [scrapy.extensions.logstats] INFO: Crawled 146 pages (at 50 pages/min), scraped 133 items (at 46 items/min)
2023-06-02 21:33:46 [scrapy.extensions.logstats] INFO: Crawled 196 pages (at 50 pages/min), scraped 179 items (at 46 items/min)
2023-06-02 21:34:46 [scrapy.extensions.logstats] INFO: Crawled 244 pages (at 48 pages/min), scraped 224 items (at 45 items/min)
2023-06-02 21:35:46 [scrapy.extensions.logstats] INFO: Crawled 292 pages (at 48 pages/min), scraped 268 items (at 44 items/min)
2023-06-02 21:36:46 [scrapy.extensions.logstats] INFO: Crawled 345 pages (at 53 pages/min), scraped 317 items (at 49 items/min)
2023-06-02 21:37:46 [scrapy.extensions.logstats] INFO: Crawled 395 pages (at 50 pages/min), scraped 363 items (at 46 items/min)
2023-06-02 21:38:46 [scrapy.extensions.logstats] INFO: Crawled 446 pages (at 51 pages/min), scraped 410 items (at 47 items/min)
2023-06-02 21:39:46 [scrapy.extensions.logstats] INFO: Crawled 497 pages (at 51 pages/min), scraped 457 items (at 47 items/min)
2023-06-02 21:40:46 [scrapy.extensions.logstats] INFO: Crawled 546 pages (at 49 pages/min), scraped 502 items (at 45 items/min)
2023-06-02 21:41:46 [scrapy.extensions.logstats] INFO: Crawled 593 pages (at 47 pages/min), scraped 546 items (at 44 items/min)
2023-06-02 21:42:46 [scrapy.extensions.logstats] INFO: Crawled 642 pages (at 49 pages/min), scraped 591 items (at 45 items/min)
2023-06-02 21:43:46 [scrapy.extensions.logstats] INFO: Crawled 693 pages (at 51 pages/min), scraped 638 items (at 47 items/min)
2023-06-02 21:44:46 [scrapy.extensions.logstats] INFO: Crawled 742 pages (at 49 pages/min), scraped 683 items (at 45 items/min)
2023-06-02 21:45:46 [scrapy.extensions.logstats] INFO: Crawled 789 pages (at 47 pages/min), scraped 727 items (at 44 items/min)
2023-06-02 21:46:46 [scrapy.extensions.logstats] INFO: Crawled 839 pages (at 50 pages/min), scraped 773 items (at 46 items/min)
2023-06-02 21:47:46 [scrapy.extensions.logstats] INFO: Crawled 889 pages (at 50 pages/min), scraped 819 items (at 46 items/min)
2023-06-02 21:48:46 [scrapy.extensions.logstats] INFO: Crawled 941 pages (at 52 pages/min), scraped 867 items (at 48 items/min)
2023-06-02 21:49:46 [scrapy.extensions.logstats] INFO: Crawled 991 pages (at 50 pages/min), scraped 913 items (at 46 items/min)
2023-06-02 21:50:46 [scrapy.extensions.logstats] INFO: Crawled 1041 pages (at 50 pages/min), scraped 959 items (at 46 items/min)
2023-06-02 21:51:46 [scrapy.extensions.logstats] INFO: Crawled 1086 pages (at 45 pages/min), scraped 1000 items (at 41 items/min)
2023-06-02 21:52:46 [scrapy.extensions.logstats] INFO: Crawled 1137 pages (at 51 pages/min), scraped 1048 items (at 48 items/min)
2023-06-02 21:53:46 [scrapy.extensions.logstats] INFO: Crawled 1184 pages (at 47 pages/min), scraped 1091 items (at 43 items/min)
2023-06-02 21:54:46 [scrapy.extensions.logstats] INFO: Crawled 1232 pages (at 48 pages/min), scraped 1136 items (at 45 items/min)
2023-06-02 21:55:46 [scrapy.extensions.logstats] INFO: Crawled 1280 pages (at 48 pages/min), scraped 1180 items (at 44 items/min)
2023-06-02 21:56:46 [scrapy.extensions.logstats] INFO: Crawled 1332 pages (at 52 pages/min), scraped 1228 items (at 48 items/min)
2023-06-02 21:57:46 [scrapy.extensions.logstats] INFO: Crawled 1380 pages (at 48 pages/min), scraped 1272 items (at 44 items/min)
2023-06-02 21:58:46 [scrapy.extensions.logstats] INFO: Crawled 1430 pages (at 50 pages/min), scraped 1318 items (at 46 items/min)
2023-06-02 21:59:46 [scrapy.extensions.logstats] INFO: Crawled 1477 pages (at 47 pages/min), scraped 1362 items (at 44 items/min)
2023-06-02 22:00:46 [scrapy.extensions.logstats] INFO: Crawled 1528 pages (at 51 pages/min), scraped 1409 items (at 47 items/min)
2023-06-02 22:01:46 [scrapy.extensions.logstats] INFO: Crawled 1581 pages (at 53 pages/min), scraped 1458 items (at 49 items/min)
2023-06-02 22:02:46 [scrapy.extensions.logstats] INFO: Crawled 1630 pages (at 49 pages/min), scraped 1503 items (at 45 items/min)
2023-06-02 22:03:46 [scrapy.extensions.logstats] INFO: Crawled 1676 pages (at 46 pages/min), scraped 1545 items (at 42 items/min)
2023-06-02 22:04:46 [scrapy.extensions.logstats] INFO: Crawled 1726 pages (at 50 pages/min), scraped 1591 items (at 46 items/min)
2023-06-02 22:05:46 [scrapy.extensions.logstats] INFO: Crawled 1779 pages (at 53 pages/min), scraped 1641 items (at 50 items/min)
2023-06-02 22:06:46 [scrapy.extensions.logstats] INFO: Crawled 1826 pages (at 47 pages/min), scraped 1684 items (at 43 items/min)
2023-06-02 22:07:46 [scrapy.extensions.logstats] INFO: Crawled 1875 pages (at 49 pages/min), scraped 1729 items (at 45 items/min)
2023-06-02 22:08:46 [scrapy.extensions.logstats] INFO: Crawled 1926 pages (at 51 pages/min), scraped 1776 items (at 47 items/min)
2023-06-02 22:09:46 [scrapy.extensions.logstats] INFO: Crawled 1975 pages (at 49 pages/min), scraped 1822 items (at 46 items/min)
2023-06-02 22:10:46 [scrapy.extensions.logstats] INFO: Crawled 2023 pages (at 48 pages/min), scraped 1866 items (at 44 items/min)
2023-06-02 22:11:46 [scrapy.extensions.logstats] INFO: Crawled 2072 pages (at 49 pages/min), scraped 1911 items (at 45 items/min)
2023-06-02 22:12:46 [scrapy.extensions.logstats] INFO: Crawled 2121 pages (at 49 pages/min), scraped 1956 items (at 45 items/min)
2023-06-02 22:13:46 [scrapy.extensions.logstats] INFO: Crawled 2172 pages (at 51 pages/min), scraped 2003 items (at 47 items/min)
2023-06-02 22:14:46 [scrapy.extensions.logstats] INFO: Crawled 2221 pages (at 49 pages/min), scraped 2049 items (at 46 items/min)
2023-06-02 22:15:46 [scrapy.extensions.logstats] INFO: Crawled 2268 pages (at 47 pages/min), scraped 2092 items (at 43 items/min)
2023-06-02 22:16:46 [scrapy.extensions.logstats] INFO: Crawled 2317 pages (at 49 pages/min), scraped 2136 items (at 44 items/min)
2023-06-02 22:17:46 [scrapy.extensions.logstats] INFO: Crawled 2364 pages (at 47 pages/min), scraped 2181 items (at 45 items/min)
2023-06-02 22:18:46 [scrapy.extensions.logstats] INFO: Crawled 2414 pages (at 50 pages/min), scraped 2227 items (at 46 items/min)
2023-06-02 22:19:46 [scrapy.extensions.logstats] INFO: Crawled 2464 pages (at 50 pages/min), scraped 2273 items (at 46 items/min)
2023-06-02 22:20:46 [scrapy.extensions.logstats] INFO: Crawled 2513 pages (at 49 pages/min), scraped 2318 items (at 45 items/min)
2023-06-02 22:21:46 [scrapy.extensions.logstats] INFO: Crawled 2562 pages (at 49 pages/min), scraped 2363 items (at 45 items/min)
2023-06-02 22:22:46 [scrapy.extensions.logstats] INFO: Crawled 2613 pages (at 51 pages/min), scraped 2410 items (at 47 items/min)
2023-06-02 22:23:46 [scrapy.extensions.logstats] INFO: Crawled 2661 pages (at 48 pages/min), scraped 2455 items (at 45 items/min)
2023-06-02 22:24:46 [scrapy.extensions.logstats] INFO: Crawled 2712 pages (at 51 pages/min), scraped 2502 items (at 47 items/min)
2023-06-02 22:25:46 [scrapy.extensions.logstats] INFO: Crawled 2759 pages (at 47 pages/min), scraped 2545 items (at 43 items/min)
2023-06-02 22:26:46 [scrapy.extensions.logstats] INFO: Crawled 2806 pages (at 47 pages/min), scraped 2589 items (at 44 items/min)
2023-06-02 22:27:46 [scrapy.extensions.logstats] INFO: Crawled 2855 pages (at 49 pages/min), scraped 2634 items (at 45 items/min)
2023-06-02 22:28:46 [scrapy.extensions.logstats] INFO: Crawled 2905 pages (at 50 pages/min), scraped 2680 items (at 46 items/min)
2023-06-02 22:29:46 [scrapy.extensions.logstats] INFO: Crawled 2955 pages (at 50 pages/min), scraped 2726 items (at 46 items/min)
2023-06-02 22:30:46 [scrapy.extensions.logstats] INFO: Crawled 3001 pages (at 46 pages/min), scraped 2768 items (at 42 items/min)
2023-06-02 22:31:46 [scrapy.extensions.logstats] INFO: Crawled 3049 pages (at 48 pages/min), scraped 2813 items (at 45 items/min)
2023-06-02 22:32:46 [scrapy.extensions.logstats] INFO: Crawled 3099 pages (at 50 pages/min), scraped 2859 items (at 46 items/min)
2023-06-02 22:33:46 [scrapy.extensions.logstats] INFO: Crawled 3151 pages (at 52 pages/min), scraped 2907 items (at 48 items/min)
2023-06-02 22:34:46 [scrapy.extensions.logstats] INFO: Crawled 3199 pages (at 48 pages/min), scraped 2951 items (at 44 items/min)
2023-06-02 22:35:46 [scrapy.extensions.logstats] INFO: Crawled 3246 pages (at 47 pages/min), scraped 2995 items (at 44 items/min)
2023-06-02 22:36:46 [scrapy.extensions.logstats] INFO: Crawled 3297 pages (at 51 pages/min), scraped 3042 items (at 47 items/min)
2023-06-02 22:37:46 [scrapy.extensions.logstats] INFO: Crawled 3345 pages (at 48 pages/min), scraped 3086 items (at 44 items/min)
2023-06-02 22:38:46 [scrapy.extensions.logstats] INFO: Crawled 3394 pages (at 49 pages/min), scraped 3132 items (at 46 items/min)
2023-06-02 22:39:46 [scrapy.extensions.logstats] INFO: Crawled 3446 pages (at 52 pages/min), scraped 3179 items (at 47 items/min)
2023-06-02 22:40:46 [scrapy.extensions.logstats] INFO: Crawled 3493 pages (at 47 pages/min), scraped 3223 items (at 44 items/min)
2023-06-02 22:41:46 [scrapy.extensions.logstats] INFO: Crawled 3543 pages (at 50 pages/min), scraped 3269 items (at 46 items/min)
2023-06-02 22:42:46 [scrapy.extensions.logstats] INFO: Crawled 3591 pages (at 48 pages/min), scraped 3313 items (at 44 items/min)
2023-06-02 22:43:46 [scrapy.extensions.logstats] INFO: Crawled 3642 pages (at 51 pages/min), scraped 3360 items (at 47 items/min)
2023-06-02 22:44:46 [scrapy.extensions.logstats] INFO: Crawled 3691 pages (at 49 pages/min), scraped 3404 items (at 44 items/min)
2023-06-02 22:45:46 [scrapy.extensions.logstats] INFO: Crawled 3739 pages (at 48 pages/min), scraped 3450 items (at 46 items/min)
2023-06-02 22:46:46 [scrapy.extensions.logstats] INFO: Crawled 3790 pages (at 51 pages/min), scraped 3498 items (at 48 items/min)
2023-06-02 22:47:46 [scrapy.extensions.logstats] INFO: Crawled 3835 pages (at 45 pages/min), scraped 3538 items (at 40 items/min)
2023-06-02 22:48:46 [scrapy.extensions.logstats] INFO: Crawled 3887 pages (at 52 pages/min), scraped 3587 items (at 49 items/min)
2023-06-02 22:49:46 [scrapy.extensions.logstats] INFO: Crawled 3933 pages (at 46 pages/min), scraped 3629 items (at 42 items/min)
2023-06-02 22:50:46 [scrapy.extensions.logstats] INFO: Crawled 3979 pages (at 46 pages/min), scraped 3671 items (at 42 items/min)
2023-06-02 22:51:46 [scrapy.extensions.logstats] INFO: Crawled 4027 pages (at 48 pages/min), scraped 3716 items (at 45 items/min)
2023-06-02 22:52:46 [scrapy.extensions.logstats] INFO: Crawled 4076 pages (at 49 pages/min), scraped 3761 items (at 45 items/min)
2023-06-02 22:53:46 [scrapy.extensions.logstats] INFO: Crawled 4124 pages (at 48 pages/min), scraped 3805 items (at 44 items/min)
2023-06-02 22:54:46 [scrapy.extensions.logstats] INFO: Crawled 4174 pages (at 50 pages/min), scraped 3851 items (at 46 items/min)
2023-06-02 22:55:46 [scrapy.extensions.logstats] INFO: Crawled 4224 pages (at 50 pages/min), scraped 3896 items (at 45 items/min)
2023-06-02 22:56:46 [scrapy.extensions.logstats] INFO: Crawled 4273 pages (at 49 pages/min), scraped 3943 items (at 47 items/min)
2023-06-02 22:57:46 [scrapy.extensions.logstats] INFO: Crawled 4318 pages (at 45 pages/min), scraped 3984 items (at 41 items/min)
2023-06-02 22:58:46 [scrapy.extensions.logstats] INFO: Crawled 4368 pages (at 50 pages/min), scraped 4030 items (at 46 items/min)
2023-06-02 22:59:46 [scrapy.extensions.logstats] INFO: Crawled 4415 pages (at 47 pages/min), scraped 4074 items (at 44 items/min)
2023-06-02 23:00:46 [scrapy.extensions.logstats] INFO: Crawled 4467 pages (at 52 pages/min), scraped 4122 items (at 48 items/min)
2023-06-02 23:01:46 [scrapy.extensions.logstats] INFO: Crawled 4514 pages (at 47 pages/min), scraped 4165 items (at 43 items/min)
2023-06-02 23:02:46 [scrapy.extensions.logstats] INFO: Crawled 4565 pages (at 51 pages/min), scraped 4212 items (at 47 items/min)
2023-06-02 23:03:46 [scrapy.extensions.logstats] INFO: Crawled 4613 pages (at 48 pages/min), scraped 4257 items (at 45 items/min)
2023-06-02 23:04:46 [scrapy.extensions.logstats] INFO: Crawled 4662 pages (at 49 pages/min), scraped 4302 items (at 45 items/min)
2023-06-02 23:05:46 [scrapy.extensions.logstats] INFO: Crawled 4709 pages (at 47 pages/min), scraped 4344 items (at 42 items/min)
2023-06-02 23:06:46 [scrapy.extensions.logstats] INFO: Crawled 4760 pages (at 51 pages/min), scraped 4392 items (at 48 items/min)
2023-06-02 23:07:46 [scrapy.extensions.logstats] INFO: Crawled 4807 pages (at 47 pages/min), scraped 4436 items (at 44 items/min)
2023-06-02 23:08:46 [scrapy.extensions.logstats] INFO: Crawled 4857 pages (at 50 pages/min), scraped 4481 items (at 45 items/min)
2023-06-02 23:09:46 [scrapy.extensions.logstats] INFO: Crawled 4907 pages (at 50 pages/min), scraped 4528 items (at 47 items/min)
2023-06-02 23:10:46 [scrapy.extensions.logstats] INFO: Crawled 4955 pages (at 48 pages/min), scraped 4572 items (at 44 items/min)
2023-06-02 23:11:46 [scrapy.extensions.logstats] INFO: Crawled 5006 pages (at 51 pages/min), scraped 4619 items (at 47 items/min)
2023-06-02 23:12:46 [scrapy.extensions.logstats] INFO: Crawled 5053 pages (at 47 pages/min), scraped 4663 items (at 44 items/min)
2023-06-02 23:13:46 [scrapy.extensions.logstats] INFO: Crawled 5101 pages (at 48 pages/min), scraped 4708 items (at 45 items/min)
2023-06-02 23:14:46 [scrapy.extensions.logstats] INFO: Crawled 5149 pages (at 48 pages/min), scraped 4751 items (at 43 items/min)
2023-06-02 23:15:46 [scrapy.extensions.logstats] INFO: Crawled 5199 pages (at 50 pages/min), scraped 4797 items (at 46 items/min)
2023-06-02 23:16:46 [scrapy.extensions.logstats] INFO: Crawled 5247 pages (at 48 pages/min), scraped 4842 items (at 45 items/min)
2023-06-02 23:17:46 [scrapy.extensions.logstats] INFO: Crawled 5297 pages (at 50 pages/min), scraped 4888 items (at 46 items/min)
2023-06-02 23:18:46 [scrapy.extensions.logstats] INFO: Crawled 5343 pages (at 46 pages/min), scraped 4931 items (at 43 items/min)
2023-06-02 23:19:46 [scrapy.extensions.logstats] INFO: Crawled 5394 pages (at 51 pages/min), scraped 4978 items (at 47 items/min)
2023-06-02 23:20:46 [scrapy.extensions.logstats] INFO: Crawled 5444 pages (at 50 pages/min), scraped 5024 items (at 46 items/min)
2023-06-02 23:21:46 [scrapy.extensions.logstats] INFO: Crawled 5493 pages (at 49 pages/min), scraped 5069 items (at 45 items/min)
2023-06-02 23:22:46 [scrapy.extensions.logstats] INFO: Crawled 5545 pages (at 52 pages/min), scraped 5116 items (at 47 items/min)
2023-06-02 23:23:46 [scrapy.extensions.logstats] INFO: Crawled 5593 pages (at 48 pages/min), scraped 5161 items (at 45 items/min)
2023-06-02 23:24:46 [scrapy.extensions.logstats] INFO: Crawled 5642 pages (at 49 pages/min), scraped 5206 items (at 45 items/min)
2023-06-02 23:25:46 [scrapy.extensions.logstats] INFO: Crawled 5692 pages (at 50 pages/min), scraped 5253 items (at 47 items/min)
2023-06-02 23:26:46 [scrapy.extensions.logstats] INFO: Crawled 5739 pages (at 47 pages/min), scraped 5296 items (at 43 items/min)
2023-06-02 23:27:46 [scrapy.extensions.logstats] INFO: Crawled 5788 pages (at 49 pages/min), scraped 5341 items (at 45 items/min)
2023-06-02 23:28:46 [scrapy.extensions.logstats] INFO: Crawled 5837 pages (at 49 pages/min), scraped 5387 items (at 46 items/min)
2023-06-02 23:29:46 [scrapy.extensions.logstats] INFO: Crawled 5886 pages (at 49 pages/min), scraped 5432 items (at 45 items/min)
2023-06-02 23:30:46 [scrapy.extensions.logstats] INFO: Crawled 5934 pages (at 48 pages/min), scraped 5475 items (at 43 items/min)
2023-06-02 23:31:46 [scrapy.extensions.logstats] INFO: Crawled 5987 pages (at 53 pages/min), scraped 5523 items (at 48 items/min)
2023-06-02 23:32:46 [scrapy.extensions.logstats] INFO: Crawled 6036 pages (at 49 pages/min), scraped 5570 items (at 47 items/min)
2023-06-02 23:33:46 [scrapy.extensions.logstats] INFO: Crawled 6086 pages (at 50 pages/min), scraped 5616 items (at 46 items/min)
2023-06-02 23:34:46 [scrapy.extensions.logstats] INFO: Crawled 6132 pages (at 46 pages/min), scraped 5659 items (at 43 items/min)
2023-06-02 23:35:46 [scrapy.extensions.logstats] INFO: Crawled 6180 pages (at 48 pages/min), scraped 5703 items (at 44 items/min)
2023-06-02 23:36:46 [scrapy.extensions.logstats] INFO: Crawled 6230 pages (at 50 pages/min), scraped 5749 items (at 46 items/min)
2023-06-02 23:37:46 [scrapy.extensions.logstats] INFO: Crawled 6276 pages (at 46 pages/min), scraped 5792 items (at 43 items/min)
2023-06-02 23:38:46 [scrapy.extensions.logstats] INFO: Crawled 6328 pages (at 52 pages/min), scraped 5840 items (at 48 items/min)
2023-06-02 23:39:46 [scrapy.extensions.logstats] INFO: Crawled 6381 pages (at 53 pages/min), scraped 5887 items (at 47 items/min)
2023-06-02 23:40:46 [scrapy.extensions.logstats] INFO: Crawled 6429 pages (at 48 pages/min), scraped 5933 items (at 46 items/min)
2023-06-02 23:41:46 [scrapy.extensions.logstats] INFO: Crawled 6478 pages (at 49 pages/min), scraped 5978 items (at 45 items/min)
2023-06-02 23:42:46 [scrapy.extensions.logstats] INFO: Crawled 6525 pages (at 47 pages/min), scraped 6021 items (at 43 items/min)
2023-06-02 23:43:46 [scrapy.extensions.logstats] INFO: Crawled 6576 pages (at 51 pages/min), scraped 6069 items (at 48 items/min)
2023-06-02 23:44:46 [scrapy.extensions.logstats] INFO: Crawled 6625 pages (at 49 pages/min), scraped 6113 items (at 44 items/min)
2023-06-02 23:45:46 [scrapy.extensions.logstats] INFO: Crawled 6675 pages (at 50 pages/min), scraped 6159 items (at 46 items/min)
2023-06-02 23:46:46 [scrapy.extensions.logstats] INFO: Crawled 6725 pages (at 50 pages/min), scraped 6206 items (at 47 items/min)
2023-06-02 23:47:46 [scrapy.extensions.logstats] INFO: Crawled 6774 pages (at 49 pages/min), scraped 6251 items (at 45 items/min)
2023-06-02 23:48:46 [scrapy.extensions.logstats] INFO: Crawled 6824 pages (at 50 pages/min), scraped 6297 items (at 46 items/min)
2023-06-02 23:49:46 [scrapy.extensions.logstats] INFO: Crawled 6874 pages (at 50 pages/min), scraped 6343 items (at 46 items/min)
2023-06-02 23:50:46 [scrapy.extensions.logstats] INFO: Crawled 6923 pages (at 49 pages/min), scraped 6388 items (at 45 items/min)
2023-06-02 23:51:46 [scrapy.extensions.logstats] INFO: Crawled 6974 pages (at 51 pages/min), scraped 6434 items (at 46 items/min)
2023-06-02 23:52:46 [scrapy.extensions.logstats] INFO: Crawled 7021 pages (at 47 pages/min), scraped 6479 items (at 45 items/min)
2023-06-02 23:53:46 [scrapy.extensions.logstats] INFO: Crawled 7071 pages (at 50 pages/min), scraped 6524 items (at 45 items/min)
2023-06-02 23:54:46 [scrapy.extensions.logstats] INFO: Crawled 7118 pages (at 47 pages/min), scraped 6568 items (at 44 items/min)
2023-06-02 23:55:46 [scrapy.extensions.logstats] INFO: Crawled 7164 pages (at 46 pages/min), scraped 6611 items (at 43 items/min)
2023-06-02 23:56:46 [scrapy.extensions.logstats] INFO: Crawled 7213 pages (at 49 pages/min), scraped 6655 items (at 44 items/min)
2023-06-02 23:57:46 [scrapy.extensions.logstats] INFO: Crawled 7264 pages (at 51 pages/min), scraped 6703 items (at 48 items/min)
2023-06-02 23:58:46 [scrapy.extensions.logstats] INFO: Crawled 7313 pages (at 49 pages/min), scraped 6748 items (at 45 items/min)
2023-06-02 23:59:46 [scrapy.extensions.logstats] INFO: Crawled 7361 pages (at 48 pages/min), scraped 6792 items (at 44 items/min)
2023-06-03 00:00:46 [scrapy.extensions.logstats] INFO: Crawled 7410 pages (at 49 pages/min), scraped 6838 items (at 46 items/min)
2023-06-03 00:01:46 [scrapy.extensions.logstats] INFO: Crawled 7458 pages (at 48 pages/min), scraped 6882 items (at 44 items/min)
2023-06-03 00:02:46 [scrapy.extensions.logstats] INFO: Crawled 7508 pages (at 50 pages/min), scraped 6928 items (at 46 items/min)
2023-06-03 00:03:46 [scrapy.extensions.logstats] INFO: Crawled 7559 pages (at 51 pages/min), scraped 6974 items (at 46 items/min)
2023-06-03 00:04:46 [scrapy.extensions.logstats] INFO: Crawled 7609 pages (at 50 pages/min), scraped 7022 items (at 48 items/min)
2023-06-03 00:05:46 [scrapy.extensions.logstats] INFO: Crawled 7659 pages (at 50 pages/min), scraped 7068 items (at 46 items/min)
2023-06-03 00:06:20 [scrapy.spidermiddlewares.httperror] INFO: Ignoring response <403 https://formulanews.ge/News/62721/?m=41&news_id=62721>: HTTP status code is not handled or not allowed
2023-06-03 00:06:46 [scrapy.extensions.logstats] INFO: Crawled 7705 pages (at 46 pages/min), scraped 7109 items (at 41 items/min)
2023-06-03 00:07:46 [scrapy.extensions.logstats] INFO: Crawled 7755 pages (at 50 pages/min), scraped 7155 items (at 46 items/min)
2023-06-03 00:08:46 [scrapy.extensions.logstats] INFO: Crawled 7800 pages (at 45 pages/min), scraped 7197 items (at 42 items/min)
2023-06-03 00:09:46 [scrapy.extensions.logstats] INFO: Crawled 7848 pages (at 48 pages/min), scraped 7241 items (at 44 items/min)
2023-06-03 00:10:46 [scrapy.extensions.logstats] INFO: Crawled 7896 pages (at 48 pages/min), scraped 7285 items (at 44 items/min)
2023-06-03 00:11:46 [scrapy.extensions.logstats] INFO: Crawled 7943 pages (at 47 pages/min), scraped 7329 items (at 44 items/min)
2023-06-03 00:12:46 [scrapy.extensions.logstats] INFO: Crawled 7994 pages (at 51 pages/min), scraped 7376 items (at 47 items/min)
2023-06-03 00:13:46 [scrapy.extensions.logstats] INFO: Crawled 8041 pages (at 47 pages/min), scraped 7419 items (at 43 items/min)
2023-06-03 00:14:46 [scrapy.extensions.logstats] INFO: Crawled 8092 pages (at 51 pages/min), scraped 7465 items (at 46 items/min)
2023-06-03 00:15:46 [scrapy.extensions.logstats] INFO: Crawled 8144 pages (at 52 pages/min), scraped 7514 items (at 49 items/min)
2023-06-03 00:16:46 [scrapy.extensions.logstats] INFO: Crawled 8192 pages (at 48 pages/min), scraped 7559 items (at 45 items/min)
2023-06-03 00:17:46 [scrapy.extensions.logstats] INFO: Crawled 8242 pages (at 50 pages/min), scraped 7605 items (at 46 items/min)
2023-06-03 00:18:46 [scrapy.extensions.logstats] INFO: Crawled 8288 pages (at 46 pages/min), scraped 7647 items (at 42 items/min)
2023-06-03 00:19:46 [scrapy.extensions.logstats] INFO: Crawled 8338 pages (at 50 pages/min), scraped 7693 items (at 46 items/min)
2023-06-03 00:20:46 [scrapy.extensions.logstats] INFO: Crawled 8387 pages (at 49 pages/min), scraped 7739 items (at 46 items/min)
2023-06-03 00:21:46 [scrapy.extensions.logstats] INFO: Crawled 8435 pages (at 48 pages/min), scraped 7783 items (at 44 items/min)
2023-06-03 00:22:46 [scrapy.extensions.logstats] INFO: Crawled 8481 pages (at 46 pages/min), scraped 7826 items (at 43 items/min)
2023-06-03 00:23:46 [scrapy.extensions.logstats] INFO: Crawled 8534 pages (at 53 pages/min), scraped 7874 items (at 48 items/min)
2023-06-03 00:24:46 [scrapy.extensions.logstats] INFO: Crawled 8583 pages (at 49 pages/min), scraped 7920 items (at 46 items/min)
2023-06-03 00:25:46 [scrapy.extensions.logstats] INFO: Crawled 8633 pages (at 50 pages/min), scraped 7966 items (at 46 items/min)
2023-06-03 00:26:46 [scrapy.extensions.logstats] INFO: Crawled 8677 pages (at 44 pages/min), scraped 8006 items (at 40 items/min)
2023-06-03 00:27:46 [scrapy.extensions.logstats] INFO: Crawled 8733 pages (at 56 pages/min), scraped 8058 items (at 52 items/min)
2023-06-03 00:28:46 [scrapy.extensions.logstats] INFO: Crawled 8784 pages (at 51 pages/min), scraped 8105 items (at 47 items/min)
2023-06-03 00:29:46 [scrapy.extensions.logstats] INFO: Crawled 8833 pages (at 49 pages/min), scraped 8150 items (at 45 items/min)
2023-06-03 00:30:46 [scrapy.extensions.logstats] INFO: Crawled 8884 pages (at 51 pages/min), scraped 8197 items (at 47 items/min)
2023-06-03 00:31:46 [scrapy.extensions.logstats] INFO: Crawled 8931 pages (at 47 pages/min), scraped 8241 items (at 44 items/min)
2023-06-03 00:32:46 [scrapy.extensions.logstats] INFO: Crawled 8979 pages (at 48 pages/min), scraped 8285 items (at 44 items/min)
2023-06-03 00:33:46 [scrapy.extensions.logstats] INFO: Crawled 9028 pages (at 49 pages/min), scraped 8330 items (at 45 items/min)
2023-06-03 00:34:46 [scrapy.extensions.logstats] INFO: Crawled 9076 pages (at 48 pages/min), scraped 8375 items (at 45 items/min)
2023-06-03 00:35:46 [scrapy.extensions.logstats] INFO: Crawled 9126 pages (at 50 pages/min), scraped 8421 items (at 46 items/min)
2023-06-03 00:36:46 [scrapy.extensions.logstats] INFO: Crawled 9175 pages (at 49 pages/min), scraped 8466 items (at 45 items/min)
2023-06-03 00:37:46 [scrapy.extensions.logstats] INFO: Crawled 9223 pages (at 48 pages/min), scraped 8510 items (at 44 items/min)
2023-06-03 00:38:46 [scrapy.extensions.logstats] INFO: Crawled 9274 pages (at 51 pages/min), scraped 8557 items (at 47 items/min)
2023-06-03 00:39:46 [scrapy.extensions.logstats] INFO: Crawled 9321 pages (at 47 pages/min), scraped 8601 items (at 44 items/min)
2023-06-03 00:40:46 [scrapy.extensions.logstats] INFO: Crawled 9366 pages (at 45 pages/min), scraped 8642 items (at 41 items/min)
2023-06-03 00:41:46 [scrapy.extensions.logstats] INFO: Crawled 9415 pages (at 49 pages/min), scraped 8688 items (at 46 items/min)
2023-06-03 00:42:46 [scrapy.extensions.logstats] INFO: Crawled 9464 pages (at 49 pages/min), scraped 8733 items (at 45 items/min)
2023-06-03 00:43:46 [scrapy.extensions.logstats] INFO: Crawled 9510 pages (at 46 pages/min), scraped 8775 items (at 42 items/min)
2023-06-03 00:44:46 [scrapy.extensions.logstats] INFO: Crawled 9562 pages (at 52 pages/min), scraped 8823 items (at 48 items/min)
2023-06-03 00:45:46 [scrapy.extensions.logstats] INFO: Crawled 9608 pages (at 46 pages/min), scraped 8866 items (at 43 items/min)
2023-06-03 00:46:46 [scrapy.extensions.logstats] INFO: Crawled 9656 pages (at 48 pages/min), scraped 8910 items (at 44 items/min)
2023-06-03 00:47:46 [scrapy.extensions.logstats] INFO: Crawled 9708 pages (at 52 pages/min), scraped 8959 items (at 49 items/min)
2023-06-03 00:48:46 [scrapy.extensions.logstats] INFO: Crawled 9755 pages (at 47 pages/min), scraped 9001 items (at 42 items/min)
2023-06-03 00:49:46 [scrapy.extensions.logstats] INFO: Crawled 9807 pages (at 52 pages/min), scraped 9049 items (at 48 items/min)
2023-06-03 00:50:46 [scrapy.extensions.logstats] INFO: Crawled 9857 pages (at 50 pages/min), scraped 9096 items (at 47 items/min)
2023-06-03 00:51:46 [scrapy.extensions.logstats] INFO: Crawled 9905 pages (at 48 pages/min), scraped 9140 items (at 44 items/min)
2023-06-03 00:52:46 [scrapy.extensions.logstats] INFO: Crawled 9954 pages (at 49 pages/min), scraped 9185 items (at 45 items/min)
2023-06-03 00:53:46 [scrapy.extensions.logstats] INFO: Crawled 10003 pages (at 49 pages/min), scraped 9230 items (at 45 items/min)
2023-06-03 00:54:46 [scrapy.extensions.logstats] INFO: Crawled 10051 pages (at 48 pages/min), scraped 9275 items (at 45 items/min)
2023-06-03 00:55:46 [scrapy.extensions.logstats] INFO: Crawled 10098 pages (at 47 pages/min), scraped 9319 items (at 44 items/min)
2023-06-03 00:56:46 [scrapy.extensions.logstats] INFO: Crawled 10147 pages (at 49 pages/min), scraped 9363 items (at 44 items/min)
2023-06-03 00:57:46 [scrapy.extensions.logstats] INFO: Crawled 10197 pages (at 50 pages/min), scraped 9409 items (at 46 items/min)
2023-06-03 00:58:46 [scrapy.extensions.logstats] INFO: Crawled 10248 pages (at 51 pages/min), scraped 9456 items (at 47 items/min)
2023-06-03 00:59:46 [scrapy.extensions.logstats] INFO: Crawled 10297 pages (at 49 pages/min), scraped 9502 items (at 46 items/min)
2023-06-03 01:00:46 [scrapy.extensions.logstats] INFO: Crawled 10346 pages (at 49 pages/min), scraped 9547 items (at 45 items/min)
2023-06-03 01:01:46 [scrapy.extensions.logstats] INFO: Crawled 10396 pages (at 50 pages/min), scraped 9593 items (at 46 items/min)
2023-06-03 01:02:46 [scrapy.extensions.logstats] INFO: Crawled 10443 pages (at 47 pages/min), scraped 9637 items (at 44 items/min)
2023-06-03 01:03:46 [scrapy.extensions.logstats] INFO: Crawled 10491 pages (at 48 pages/min), scraped 9681 items (at 44 items/min)
2023-06-03 01:04:46 [scrapy.extensions.logstats] INFO: Crawled 10542 pages (at 51 pages/min), scraped 9728 items (at 47 items/min)
2023-06-03 01:05:46 [scrapy.extensions.logstats] INFO: Crawled 10590 pages (at 48 pages/min), scraped 9772 items (at 44 items/min)
2023-06-03 01:06:46 [scrapy.extensions.logstats] INFO: Crawled 10639 pages (at 49 pages/min), scraped 9817 items (at 45 items/min)
2023-06-03 01:07:46 [scrapy.extensions.logstats] INFO: Crawled 10688 pages (at 49 pages/min), scraped 9863 items (at 46 items/min)
2023-06-03 01:08:46 [scrapy.extensions.logstats] INFO: Crawled 10736 pages (at 48 pages/min), scraped 9907 items (at 44 items/min)
2023-06-03 01:09:46 [scrapy.extensions.logstats] INFO: Crawled 10786 pages (at 50 pages/min), scraped 9953 items (at 46 items/min)
2023-06-03 01:10:46 [scrapy.extensions.logstats] INFO: Crawled 10837 pages (at 51 pages/min), scraped 10000 items (at 47 items/min)
2023-06-03 01:11:46 [scrapy.extensions.logstats] INFO: Crawled 10887 pages (at 50 pages/min), scraped 10046 items (at 46 items/min)
2023-06-03 01:12:46 [scrapy.extensions.logstats] INFO: Crawled 10932 pages (at 45 pages/min), scraped 10088 items (at 42 items/min)
2023-06-03 01:13:46 [scrapy.extensions.logstats] INFO: Crawled 10981 pages (at 49 pages/min), scraped 10133 items (at 45 items/min)
2023-06-03 01:14:46 [scrapy.extensions.logstats] INFO: Crawled 11029 pages (at 48 pages/min), scraped 10177 items (at 44 items/min)
2023-06-03 01:15:46 [scrapy.extensions.logstats] INFO: Crawled 11077 pages (at 48 pages/min), scraped 10222 items (at 45 items/min)
2023-06-03 01:16:46 [scrapy.extensions.logstats] INFO: Crawled 11125 pages (at 48 pages/min), scraped 10266 items (at 44 items/min)
2023-06-03 01:17:46 [scrapy.extensions.logstats] INFO: Crawled 11173 pages (at 48 pages/min), scraped 10310 items (at 44 items/min)
2023-06-03 01:18:46 [scrapy.extensions.logstats] INFO: Crawled 11224 pages (at 51 pages/min), scraped 10358 items (at 48 items/min)
2023-06-03 01:19:46 [scrapy.extensions.logstats] INFO: Crawled 11276 pages (at 52 pages/min), scraped 10405 items (at 47 items/min)
2023-06-03 01:20:46 [scrapy.extensions.logstats] INFO: Crawled 11323 pages (at 47 pages/min), scraped 10449 items (at 44 items/min)
2023-06-03 01:21:46 [scrapy.extensions.logstats] INFO: Crawled 11372 pages (at 49 pages/min), scraped 10494 items (at 45 items/min)
2023-06-03 01:22:46 [scrapy.extensions.logstats] INFO: Crawled 11421 pages (at 49 pages/min), scraped 10539 items (at 45 items/min)
2023-06-03 01:23:46 [scrapy.extensions.logstats] INFO: Crawled 11471 pages (at 50 pages/min), scraped 10585 items (at 46 items/min)
2023-06-03 01:24:46 [scrapy.extensions.logstats] INFO: Crawled 11518 pages (at 47 pages/min), scraped 10629 items (at 44 items/min)
2023-06-03 01:25:46 [scrapy.extensions.logstats] INFO: Crawled 11567 pages (at 49 pages/min), scraped 10674 items (at 45 items/min)
2023-06-03 01:26:46 [scrapy.extensions.logstats] INFO: Crawled 11617 pages (at 50 pages/min), scraped 10720 items (at 46 items/min)
2023-06-03 01:27:46 [scrapy.extensions.logstats] INFO: Crawled 11666 pages (at 49 pages/min), scraped 10765 items (at 45 items/min)
2023-06-03 01:28:46 [scrapy.extensions.logstats] INFO: Crawled 11715 pages (at 49 pages/min), scraped 10811 items (at 46 items/min)
2023-06-03 01:29:46 [scrapy.extensions.logstats] INFO: Crawled 11762 pages (at 47 pages/min), scraped 10853 items (at 42 items/min)
2023-06-03 01:30:46 [scrapy.extensions.logstats] INFO: Crawled 11812 pages (at 50 pages/min), scraped 10900 items (at 47 items/min)
2023-06-03 01:31:46 [scrapy.extensions.logstats] INFO: Crawled 11862 pages (at 50 pages/min), scraped 10945 items (at 45 items/min)
2023-06-03 01:32:46 [scrapy.extensions.logstats] INFO: Crawled 11911 pages (at 49 pages/min), scraped 10991 items (at 46 items/min)
2023-06-03 01:33:46 [scrapy.extensions.logstats] INFO: Crawled 11959 pages (at 48 pages/min), scraped 11036 items (at 45 items/min)
2023-06-03 01:34:46 [scrapy.extensions.logstats] INFO: Crawled 12006 pages (at 47 pages/min), scraped 11078 items (at 42 items/min)
2023-06-03 01:35:46 [scrapy.extensions.logstats] INFO: Crawled 12057 pages (at 51 pages/min), scraped 11126 items (at 48 items/min)
2023-06-03 01:36:46 [scrapy.extensions.logstats] INFO: Crawled 12106 pages (at 49 pages/min), scraped 11171 items (at 45 items/min)
2023-06-03 01:37:46 [scrapy.extensions.logstats] INFO: Crawled 12153 pages (at 47 pages/min), scraped 11215 items (at 44 items/min)
2023-06-03 01:38:46 [scrapy.extensions.logstats] INFO: Crawled 12200 pages (at 47 pages/min), scraped 11257 items (at 42 items/min)
2023-06-03 01:39:46 [scrapy.extensions.logstats] INFO: Crawled 12252 pages (at 52 pages/min), scraped 11306 items (at 49 items/min)
2023-06-03 01:40:46 [scrapy.extensions.logstats] INFO: Crawled 12297 pages (at 45 pages/min), scraped 11348 items (at 42 items/min)
2023-06-03 01:41:46 [scrapy.extensions.logstats] INFO: Crawled 12345 pages (at 48 pages/min), scraped 11392 items (at 44 items/min)
2023-06-03 01:42:46 [scrapy.extensions.logstats] INFO: Crawled 12396 pages (at 51 pages/min), scraped 11439 items (at 47 items/min)
2023-06-03 01:43:46 [scrapy.extensions.logstats] INFO: Crawled 12447 pages (at 51 pages/min), scraped 11486 items (at 47 items/min)
2023-06-03 01:44:46 [scrapy.extensions.logstats] INFO: Crawled 12497 pages (at 50 pages/min), scraped 11531 items (at 45 items/min)
2023-06-03 01:45:46 [scrapy.extensions.logstats] INFO: Crawled 12545 pages (at 48 pages/min), scraped 11577 items (at 46 items/min)
2023-06-03 01:46:46 [scrapy.extensions.logstats] INFO: Crawled 12593 pages (at 48 pages/min), scraped 11621 items (at 44 items/min)
2023-06-03 01:47:46 [scrapy.extensions.logstats] INFO: Crawled 12641 pages (at 48 pages/min), scraped 11665 items (at 44 items/min)
2023-06-03 01:48:46 [scrapy.extensions.logstats] INFO: Crawled 12689 pages (at 48 pages/min), scraped 11710 items (at 45 items/min)
2023-06-03 01:49:46 [scrapy.extensions.logstats] INFO: Crawled 12739 pages (at 50 pages/min), scraped 11756 items (at 46 items/min)
2023-06-03 01:50:46 [scrapy.extensions.logstats] INFO: Crawled 12787 pages (at 48 pages/min), scraped 11800 items (at 44 items/min)
2023-06-03 01:51:46 [scrapy.extensions.logstats] INFO: Crawled 12837 pages (at 50 pages/min), scraped 11846 items (at 46 items/min)
2023-06-03 01:52:46 [scrapy.extensions.logstats] INFO: Crawled 12882 pages (at 45 pages/min), scraped 11888 items (at 42 items/min)
2023-06-03 01:53:46 [scrapy.extensions.logstats] INFO: Crawled 12929 pages (at 47 pages/min), scraped 11931 items (at 43 items/min)
2023-06-03 01:54:46 [scrapy.extensions.logstats] INFO: Crawled 12979 pages (at 50 pages/min), scraped 11977 items (at 46 items/min)
2023-06-03 01:55:46 [scrapy.extensions.logstats] INFO: Crawled 13026 pages (at 47 pages/min), scraped 12021 items (at 44 items/min)
2023-06-03 01:56:46 [scrapy.extensions.logstats] INFO: Crawled 13077 pages (at 51 pages/min), scraped 12068 items (at 47 items/min)
2023-06-03 01:57:46 [scrapy.extensions.logstats] INFO: Crawled 13123 pages (at 46 pages/min), scraped 12110 items (at 42 items/min)
2023-06-03 01:58:46 [scrapy.extensions.logstats] INFO: Crawled 13172 pages (at 49 pages/min), scraped 12156 items (at 46 items/min)
2023-06-03 01:59:46 [scrapy.extensions.logstats] INFO: Crawled 13222 pages (at 50 pages/min), scraped 12201 items (at 45 items/min)
2023-06-03 02:00:46 [scrapy.extensions.logstats] INFO: Crawled 13270 pages (at 48 pages/min), scraped 12246 items (at 45 items/min)
2023-06-03 02:01:46 [scrapy.extensions.logstats] INFO: Crawled 13317 pages (at 47 pages/min), scraped 12289 items (at 43 items/min)
2023-06-03 02:02:46 [scrapy.extensions.logstats] INFO: Crawled 13369 pages (at 52 pages/min), scraped 12337 items (at 48 items/min)
2023-06-03 02:03:46 [scrapy.extensions.logstats] INFO: Crawled 13419 pages (at 50 pages/min), scraped 12382 items (at 45 items/min)
2023-06-03 02:04:46 [scrapy.extensions.logstats] INFO: Crawled 13466 pages (at 47 pages/min), scraped 12427 items (at 45 items/min)
2023-06-03 02:05:46 [scrapy.extensions.logstats] INFO: Crawled 13516 pages (at 50 pages/min), scraped 12473 items (at 46 items/min)
2023-06-03 02:06:46 [scrapy.extensions.logstats] INFO: Crawled 13565 pages (at 49 pages/min), scraped 12518 items (at 45 items/min)
2023-06-03 02:07:46 [scrapy.extensions.logstats] INFO: Crawled 13612 pages (at 47 pages/min), scraped 12561 items (at 43 items/min)
2023-06-03 02:08:46 [scrapy.extensions.logstats] INFO: Crawled 13666 pages (at 54 pages/min), scraped 12612 items (at 51 items/min)
2023-06-03 02:09:46 [scrapy.extensions.logstats] INFO: Crawled 13714 pages (at 48 pages/min), scraped 12656 items (at 44 items/min)
2023-06-03 02:10:46 [scrapy.extensions.logstats] INFO: Crawled 13766 pages (at 52 pages/min), scraped 12703 items (at 47 items/min)
2023-06-03 02:11:46 [scrapy.extensions.logstats] INFO: Crawled 13812 pages (at 46 pages/min), scraped 12746 items (at 43 items/min)
2023-06-03 02:12:46 [scrapy.extensions.logstats] INFO: Crawled 13862 pages (at 50 pages/min), scraped 12792 items (at 46 items/min)
2023-06-03 02:13:46 [scrapy.extensions.logstats] INFO: Crawled 13911 pages (at 49 pages/min), scraped 12837 items (at 45 items/min)
2023-06-03 02:14:46 [scrapy.extensions.logstats] INFO: Crawled 13959 pages (at 48 pages/min), scraped 12882 items (at 45 items/min)
2023-06-03 02:15:46 [scrapy.extensions.logstats] INFO: Crawled 14009 pages (at 50 pages/min), scraped 12928 items (at 46 items/min)
2023-06-03 02:16:46 [scrapy.extensions.logstats] INFO: Crawled 14059 pages (at 50 pages/min), scraped 12974 items (at 46 items/min)
2023-06-03 02:17:46 [scrapy.extensions.logstats] INFO: Crawled 14108 pages (at 49 pages/min), scraped 13019 items (at 45 items/min)
2023-06-03 02:18:46 [scrapy.extensions.logstats] INFO: Crawled 14157 pages (at 49 pages/min), scraped 13065 items (at 46 items/min)
2023-06-03 02:19:46 [scrapy.extensions.logstats] INFO: Crawled 14206 pages (at 49 pages/min), scraped 13110 items (at 45 items/min)
2023-06-03 02:20:46 [scrapy.extensions.logstats] INFO: Crawled 14256 pages (at 50 pages/min), scraped 13155 items (at 45 items/min)
2023-06-03 02:21:46 [scrapy.extensions.logstats] INFO: Crawled 14302 pages (at 46 pages/min), scraped 13199 items (at 44 items/min)
2023-06-03 02:22:46 [scrapy.extensions.logstats] INFO: Crawled 14350 pages (at 48 pages/min), scraped 13243 items (at 44 items/min)
2023-06-03 02:23:46 [scrapy.extensions.logstats] INFO: Crawled 14399 pages (at 49 pages/min), scraped 13288 items (at 45 items/min)
2023-06-03 02:24:46 [scrapy.extensions.logstats] INFO: Crawled 14449 pages (at 50 pages/min), scraped 13334 items (at 46 items/min)
2023-06-03 02:25:46 [scrapy.extensions.logstats] INFO: Crawled 14499 pages (at 50 pages/min), scraped 13380 items (at 46 items/min)
2023-06-03 02:26:46 [scrapy.extensions.logstats] INFO: Crawled 14550 pages (at 51 pages/min), scraped 13427 items (at 47 items/min)
2023-06-03 02:27:46 [scrapy.extensions.logstats] INFO: Crawled 14600 pages (at 50 pages/min), scraped 13474 items (at 47 items/min)
2023-06-03 02:28:46 [scrapy.extensions.logstats] INFO: Crawled 14647 pages (at 47 pages/min), scraped 13517 items (at 43 items/min)
2023-06-03 02:29:46 [scrapy.extensions.logstats] INFO: Crawled 14696 pages (at 49 pages/min), scraped 13562 items (at 45 items/min)
2023-06-03 02:30:46 [scrapy.extensions.logstats] INFO: Crawled 14744 pages (at 48 pages/min), scraped 13606 items (at 44 items/min)
2023-06-03 02:31:46 [scrapy.extensions.logstats] INFO: Crawled 14791 pages (at 47 pages/min), scraped 13650 items (at 44 items/min)
2023-06-03 02:32:46 [scrapy.extensions.logstats] INFO: Crawled 14838 pages (at 47 pages/min), scraped 13693 items (at 43 items/min)
2023-06-03 02:33:46 [scrapy.extensions.logstats] INFO: Crawled 14888 pages (at 50 pages/min), scraped 13739 items (at 46 items/min)
2023-06-03 02:34:46 [scrapy.extensions.logstats] INFO: Crawled 14935 pages (at 47 pages/min), scraped 13783 items (at 44 items/min)
2023-06-03 02:35:46 [scrapy.extensions.logstats] INFO: Crawled 14982 pages (at 47 pages/min), scraped 13826 items (at 43 items/min)
2023-06-03 02:36:46 [scrapy.extensions.logstats] INFO: Crawled 15029 pages (at 47 pages/min), scraped 13870 items (at 44 items/min)
2023-06-03 02:37:46 [scrapy.extensions.logstats] INFO: Crawled 15080 pages (at 51 pages/min), scraped 13917 items (at 47 items/min)
2023-06-03 02:38:46 [scrapy.extensions.logstats] INFO: Crawled 15130 pages (at 50 pages/min), scraped 13963 items (at 46 items/min)
2023-06-03 02:39:46 [scrapy.extensions.logstats] INFO: Crawled 15179 pages (at 49 pages/min), scraped 14008 items (at 45 items/min)
2023-06-03 02:40:46 [scrapy.extensions.logstats] INFO: Crawled 15226 pages (at 47 pages/min), scraped 14051 items (at 43 items/min)
2023-06-03 02:41:46 [scrapy.extensions.logstats] INFO: Crawled 15274 pages (at 48 pages/min), scraped 14096 items (at 45 items/min)
2023-06-03 02:42:46 [scrapy.extensions.logstats] INFO: Crawled 15322 pages (at 48 pages/min), scraped 14140 items (at 44 items/min)
2023-06-03 02:43:46 [scrapy.extensions.logstats] INFO: Crawled 15370 pages (at 48 pages/min), scraped 14185 items (at 45 items/min)
2023-06-03 02:44:46 [scrapy.extensions.logstats] INFO: Crawled 15420 pages (at 50 pages/min), scraped 14230 items (at 45 items/min)
2023-06-03 02:45:46 [scrapy.extensions.logstats] INFO: Crawled 15465 pages (at 45 pages/min), scraped 14272 items (at 42 items/min)
2023-06-03 02:46:46 [scrapy.extensions.logstats] INFO: Crawled 15514 pages (at 49 pages/min), scraped 14315 items (at 43 items/min)
2023-06-03 02:47:46 [scrapy.extensions.logstats] INFO: Crawled 15563 pages (at 49 pages/min), scraped 14362 items (at 47 items/min)
2023-06-03 02:48:46 [scrapy.extensions.logstats] INFO: Crawled 15611 pages (at 48 pages/min), scraped 14407 items (at 45 items/min)
2023-06-03 02:49:46 [scrapy.extensions.logstats] INFO: Crawled 15661 pages (at 50 pages/min), scraped 14453 items (at 46 items/min)
2023-06-03 02:50:46 [scrapy.extensions.logstats] INFO: Crawled 15710 pages (at 49 pages/min), scraped 14498 items (at 45 items/min)
2023-06-03 02:51:46 [scrapy.extensions.logstats] INFO: Crawled 15755 pages (at 45 pages/min), scraped 14540 items (at 42 items/min)
2023-06-03 02:52:46 [scrapy.extensions.logstats] INFO: Crawled 15807 pages (at 52 pages/min), scraped 14588 items (at 48 items/min)
2023-06-03 02:53:46 [scrapy.extensions.logstats] INFO: Crawled 15853 pages (at 46 pages/min), scraped 14630 items (at 42 items/min)
2023-06-03 02:54:46 [scrapy.extensions.logstats] INFO: Crawled 15906 pages (at 53 pages/min), scraped 14678 items (at 48 items/min)
2023-06-03 02:55:46 [scrapy.extensions.logstats] INFO: Crawled 15955 pages (at 49 pages/min), scraped 14724 items (at 46 items/min)
2023-06-03 02:56:46 [scrapy.extensions.logstats] INFO: Crawled 16003 pages (at 48 pages/min), scraped 14769 items (at 45 items/min)
2023-06-03 02:57:46 [scrapy.extensions.logstats] INFO: Crawled 16052 pages (at 49 pages/min), scraped 14814 items (at 45 items/min)
2023-06-03 02:58:46 [scrapy.extensions.logstats] INFO: Crawled 16103 pages (at 51 pages/min), scraped 14862 items (at 48 items/min)
2023-06-03 02:59:46 [scrapy.extensions.logstats] INFO: Crawled 16154 pages (at 51 pages/min), scraped 14908 items (at 46 items/min)
2023-06-03 03:00:46 [scrapy.extensions.logstats] INFO: Crawled 16202 pages (at 48 pages/min), scraped 14952 items (at 44 items/min)
2023-06-03 03:01:46 [scrapy.extensions.logstats] INFO: Crawled 16249 pages (at 47 pages/min), scraped 14996 items (at 44 items/min)
2023-06-03 03:02:46 [scrapy.extensions.logstats] INFO: Crawled 16297 pages (at 48 pages/min), scraped 15040 items (at 44 items/min)
2023-06-03 03:03:46 [scrapy.extensions.logstats] INFO: Crawled 16346 pages (at 49 pages/min), scraped 15085 items (at 45 items/min)
2023-06-03 03:04:46 [scrapy.extensions.logstats] INFO: Crawled 16395 pages (at 49 pages/min), scraped 15131 items (at 46 items/min)
2023-06-03 03:05:46 [scrapy.extensions.logstats] INFO: Crawled 16445 pages (at 50 pages/min), scraped 15177 items (at 46 items/min)
2023-06-03 03:06:46 [scrapy.extensions.logstats] INFO: Crawled 16494 pages (at 49 pages/min), scraped 15222 items (at 45 items/min)
2023-06-03 03:07:46 [scrapy.extensions.logstats] INFO: Crawled 16542 pages (at 48 pages/min), scraped 15266 items (at 44 items/min)
2023-06-03 03:08:46 [scrapy.extensions.logstats] INFO: Crawled 16590 pages (at 48 pages/min), scraped 15310 items (at 44 items/min)
2023-06-03 03:09:46 [scrapy.extensions.logstats] INFO: Crawled 16640 pages (at 50 pages/min), scraped 15357 items (at 47 items/min)
2023-06-03 03:10:46 [scrapy.extensions.logstats] INFO: Crawled 16688 pages (at 48 pages/min), scraped 15401 items (at 44 items/min)
2023-06-03 03:11:46 [scrapy.extensions.logstats] INFO: Crawled 16737 pages (at 49 pages/min), scraped 15446 items (at 45 items/min)
2023-06-03 03:12:46 [scrapy.extensions.logstats] INFO: Crawled 16786 pages (at 49 pages/min), scraped 15491 items (at 45 items/min)
2023-06-03 03:13:46 [scrapy.extensions.logstats] INFO: Crawled 16836 pages (at 50 pages/min), scraped 15537 items (at 46 items/min)
2023-06-03 03:14:46 [scrapy.extensions.logstats] INFO: Crawled 16885 pages (at 49 pages/min), scraped 15583 items (at 46 items/min)
2023-06-03 03:15:46 [scrapy.extensions.logstats] INFO: Crawled 16934 pages (at 49 pages/min), scraped 15628 items (at 45 items/min)
2023-06-03 03:16:46 [scrapy.extensions.logstats] INFO: Crawled 16984 pages (at 50 pages/min), scraped 15674 items (at 46 items/min)
2023-06-03 03:17:46 [scrapy.extensions.logstats] INFO: Crawled 17031 pages (at 47 pages/min), scraped 15718 items (at 44 items/min)
2023-06-03 03:18:46 [scrapy.extensions.logstats] INFO: Crawled 17080 pages (at 49 pages/min), scraped 15763 items (at 45 items/min)
2023-06-03 03:19:46 [scrapy.extensions.logstats] INFO: Crawled 17129 pages (at 49 pages/min), scraped 15808 items (at 45 items/min)
2023-06-03 03:20:46 [scrapy.extensions.logstats] INFO: Crawled 17182 pages (at 53 pages/min), scraped 15857 items (at 49 items/min)
2023-06-03 03:21:46 [scrapy.extensions.logstats] INFO: Crawled 17231 pages (at 49 pages/min), scraped 15902 items (at 45 items/min)
2023-06-03 03:22:46 [scrapy.extensions.logstats] INFO: Crawled 17280 pages (at 49 pages/min), scraped 15948 items (at 46 items/min)
2023-06-03 03:23:46 [scrapy.extensions.logstats] INFO: Crawled 17331 pages (at 51 pages/min), scraped 15994 items (at 46 items/min)
2023-06-03 03:24:46 [scrapy.extensions.logstats] INFO: Crawled 17378 pages (at 47 pages/min), scraped 16038 items (at 44 items/min)
2023-06-03 03:25:46 [scrapy.extensions.logstats] INFO: Crawled 17426 pages (at 48 pages/min), scraped 16082 items (at 44 items/min)
2023-06-03 03:26:46 [scrapy.extensions.logstats] INFO: Crawled 17472 pages (at 46 pages/min), scraped 16124 items (at 42 items/min)
2023-06-03 03:27:46 [scrapy.extensions.logstats] INFO: Crawled 17521 pages (at 49 pages/min), scraped 16170 items (at 46 items/min)
2023-06-03 03:28:46 [scrapy.extensions.logstats] INFO: Crawled 17569 pages (at 48 pages/min), scraped 16214 items (at 44 items/min)
2023-06-03 03:29:46 [scrapy.extensions.logstats] INFO: Crawled 17620 pages (at 51 pages/min), scraped 16261 items (at 47 items/min)
2023-06-03 03:30:46 [scrapy.extensions.logstats] INFO: Crawled 17666 pages (at 46 pages/min), scraped 16304 items (at 43 items/min)
2023-06-03 03:31:46 [scrapy.extensions.logstats] INFO: Crawled 17714 pages (at 48 pages/min), scraped 16348 items (at 44 items/min)
2023-06-03 03:32:46 [scrapy.extensions.logstats] INFO: Crawled 17764 pages (at 50 pages/min), scraped 16394 items (at 46 items/min)
2023-06-03 03:33:46 [scrapy.extensions.logstats] INFO: Crawled 17817 pages (at 53 pages/min), scraped 16443 items (at 49 items/min)
2023-06-03 03:34:46 [scrapy.extensions.logstats] INFO: Crawled 17865 pages (at 48 pages/min), scraped 16487 items (at 44 items/min)
2023-06-03 03:35:46 [scrapy.extensions.logstats] INFO: Crawled 17914 pages (at 49 pages/min), scraped 16532 items (at 45 items/min)
2023-06-03 03:36:46 [scrapy.extensions.logstats] INFO: Crawled 17965 pages (at 51 pages/min), scraped 16580 items (at 48 items/min)
2023-06-03 03:37:46 [scrapy.extensions.logstats] INFO: Crawled 18011 pages (at 46 pages/min), scraped 16623 items (at 43 items/min)
2023-06-03 03:38:46 [scrapy.extensions.logstats] INFO: Crawled 18061 pages (at 50 pages/min), scraped 16668 items (at 45 items/min)
2023-06-03 03:39:46 [scrapy.extensions.logstats] INFO: Crawled 18111 pages (at 50 pages/min), scraped 16714 items (at 46 items/min)
2023-06-03 03:40:46 [scrapy.extensions.logstats] INFO: Crawled 18157 pages (at 46 pages/min), scraped 16756 items (at 42 items/min)
2023-06-03 03:41:46 [scrapy.extensions.logstats] INFO: Crawled 18208 pages (at 51 pages/min), scraped 16804 items (at 48 items/min)
2023-06-03 03:42:46 [scrapy.extensions.logstats] INFO: Crawled 18256 pages (at 48 pages/min), scraped 16848 items (at 44 items/min)
2023-06-03 03:43:46 [scrapy.extensions.logstats] INFO: Crawled 18303 pages (at 47 pages/min), scraped 16892 items (at 44 items/min)
2023-06-03 03:44:46 [scrapy.extensions.logstats] INFO: Crawled 18352 pages (at 49 pages/min), scraped 16937 items (at 45 items/min)
2023-06-03 03:45:46 [scrapy.extensions.logstats] INFO: Crawled 18402 pages (at 50 pages/min), scraped 16983 items (at 46 items/min)
2023-06-03 03:46:46 [scrapy.extensions.logstats] INFO: Crawled 18450 pages (at 48 pages/min), scraped 17027 items (at 44 items/min)
2023-06-03 03:47:46 [scrapy.extensions.logstats] INFO: Crawled 18498 pages (at 48 pages/min), scraped 17072 items (at 45 items/min)
2023-06-03 03:48:46 [scrapy.extensions.logstats] INFO: Crawled 18545 pages (at 47 pages/min), scraped 17115 items (at 43 items/min)
2023-06-03 03:49:46 [scrapy.extensions.logstats] INFO: Crawled 18596 pages (at 51 pages/min), scraped 17162 items (at 47 items/min)
2023-06-03 03:50:46 [scrapy.extensions.logstats] INFO: Crawled 18643 pages (at 47 pages/min), scraped 17206 items (at 44 items/min)
2023-06-03 03:51:46 [scrapy.extensions.logstats] INFO: Crawled 18692 pages (at 49 pages/min), scraped 17251 items (at 45 items/min)
2023-06-03 03:52:46 [scrapy.extensions.logstats] INFO: Crawled 18740 pages (at 48 pages/min), scraped 17295 items (at 44 items/min)
2023-06-03 03:53:46 [scrapy.extensions.logstats] INFO: Crawled 18788 pages (at 48 pages/min), scraped 17338 items (at 43 items/min)
2023-06-03 03:54:46 [scrapy.extensions.logstats] INFO: Crawled 18836 pages (at 48 pages/min), scraped 17384 items (at 46 items/min)
2023-06-03 03:55:46 [scrapy.extensions.logstats] INFO: Crawled 18884 pages (at 48 pages/min), scraped 17427 items (at 43 items/min)
2023-06-03 03:56:46 [scrapy.extensions.logstats] INFO: Crawled 18933 pages (at 49 pages/min), scraped 17473 items (at 46 items/min)
2023-06-03 03:57:46 [scrapy.extensions.logstats] INFO: Crawled 18983 pages (at 50 pages/min), scraped 17519 items (at 46 items/min)
2023-06-03 03:58:46 [scrapy.extensions.logstats] INFO: Crawled 19034 pages (at 51 pages/min), scraped 17566 items (at 47 items/min)
2023-06-03 03:59:46 [scrapy.extensions.logstats] INFO: Crawled 19081 pages (at 47 pages/min), scraped 17610 items (at 44 items/min)
2023-06-03 04:00:46 [scrapy.extensions.logstats] INFO: Crawled 19131 pages (at 50 pages/min), scraped 17656 items (at 46 items/min)
2023-06-03 04:01:46 [scrapy.extensions.logstats] INFO: Crawled 19181 pages (at 50 pages/min), scraped 17702 items (at 46 items/min)
2023-06-03 04:02:46 [scrapy.extensions.logstats] INFO: Crawled 19228 pages (at 47 pages/min), scraped 17745 items (at 43 items/min)
2023-06-03 04:03:46 [scrapy.extensions.logstats] INFO: Crawled 19278 pages (at 50 pages/min), scraped 17791 items (at 46 items/min)
2023-06-03 04:04:46 [scrapy.extensions.logstats] INFO: Crawled 19323 pages (at 45 pages/min), scraped 17833 items (at 42 items/min)
2023-06-03 04:05:46 [scrapy.extensions.logstats] INFO: Crawled 19376 pages (at 53 pages/min), scraped 17882 items (at 49 items/min)
2023-06-03 04:06:46 [scrapy.extensions.logstats] INFO: Crawled 19425 pages (at 49 pages/min), scraped 17927 items (at 45 items/min)
2023-06-03 04:07:46 [scrapy.extensions.logstats] INFO: Crawled 19473 pages (at 48 pages/min), scraped 17972 items (at 45 items/min)
2023-06-03 04:08:46 [scrapy.extensions.logstats] INFO: Crawled 19521 pages (at 48 pages/min), scraped 18016 items (at 44 items/min)
2023-06-03 04:09:46 [scrapy.extensions.logstats] INFO: Crawled 19569 pages (at 48 pages/min), scraped 18060 items (at 44 items/min)
2023-06-03 04:10:46 [scrapy.extensions.logstats] INFO: Crawled 19618 pages (at 49 pages/min), scraped 18106 items (at 46 items/min)
2023-06-03 04:11:46 [scrapy.extensions.logstats] INFO: Crawled 19665 pages (at 47 pages/min), scraped 18149 items (at 43 items/min)
2023-06-03 04:12:46 [scrapy.extensions.logstats] INFO: Crawled 19717 pages (at 52 pages/min), scraped 18197 items (at 48 items/min)
2023-06-03 04:13:46 [scrapy.extensions.logstats] INFO: Crawled 19768 pages (at 51 pages/min), scraped 18244 items (at 47 items/min)
2023-06-03 04:14:46 [scrapy.extensions.logstats] INFO: Crawled 19818 pages (at 50 pages/min), scraped 18291 items (at 47 items/min)
2023-06-03 04:15:46 [scrapy.extensions.logstats] INFO: Crawled 19867 pages (at 49 pages/min), scraped 18335 items (at 44 items/min)
2023-06-03 04:16:46 [scrapy.extensions.logstats] INFO: Crawled 19918 pages (at 51 pages/min), scraped 18382 items (at 47 items/min)
2023-06-03 04:17:46 [scrapy.extensions.logstats] INFO: Crawled 19967 pages (at 49 pages/min), scraped 18428 items (at 46 items/min)
2023-06-03 04:18:46 [scrapy.extensions.logstats] INFO: Crawled 20019 pages (at 52 pages/min), scraped 18476 items (at 48 items/min)
2023-06-03 04:19:46 [scrapy.extensions.logstats] INFO: Crawled 20071 pages (at 52 pages/min), scraped 18524 items (at 48 items/min)
2023-06-03 04:20:46 [scrapy.extensions.logstats] INFO: Crawled 20118 pages (at 47 pages/min), scraped 18567 items (at 43 items/min)
2023-06-03 04:21:46 [scrapy.extensions.logstats] INFO: Crawled 20169 pages (at 51 pages/min), scraped 18614 items (at 47 items/min)
2023-06-03 04:22:46 [scrapy.extensions.logstats] INFO: Crawled 20217 pages (at 48 pages/min), scraped 18658 items (at 44 items/min)
2023-06-03 04:23:46 [scrapy.extensions.logstats] INFO: Crawled 20264 pages (at 47 pages/min), scraped 18702 items (at 44 items/min)
2023-06-03 04:24:46 [scrapy.extensions.logstats] INFO: Crawled 20314 pages (at 50 pages/min), scraped 18748 items (at 46 items/min)
2023-06-03 04:25:46 [scrapy.extensions.logstats] INFO: Crawled 20362 pages (at 48 pages/min), scraped 18793 items (at 45 items/min)
2023-06-03 04:26:46 [scrapy.extensions.logstats] INFO: Crawled 20410 pages (at 48 pages/min), scraped 18837 items (at 44 items/min)
2023-06-03 04:27:46 [scrapy.extensions.logstats] INFO: Crawled 20458 pages (at 48 pages/min), scraped 18881 items (at 44 items/min)
2023-06-03 04:28:46 [scrapy.extensions.logstats] INFO: Crawled 20505 pages (at 47 pages/min), scraped 18925 items (at 44 items/min)
2023-06-03 04:29:46 [scrapy.extensions.logstats] INFO: Crawled 20553 pages (at 48 pages/min), scraped 18968 items (at 43 items/min)
2023-06-03 04:30:46 [scrapy.extensions.logstats] INFO: Crawled 20605 pages (at 52 pages/min), scraped 19016 items (at 48 items/min)
2023-06-03 04:31:46 [scrapy.extensions.logstats] INFO: Crawled 20655 pages (at 50 pages/min), scraped 19063 items (at 47 items/min)
2023-06-03 04:32:46 [scrapy.extensions.logstats] INFO: Crawled 20702 pages (at 47 pages/min), scraped 19106 items (at 43 items/min)
2023-06-03 04:33:46 [scrapy.extensions.logstats] INFO: Crawled 20752 pages (at 50 pages/min), scraped 19152 items (at 46 items/min)
2023-06-03 04:34:46 [scrapy.extensions.logstats] INFO: Crawled 20797 pages (at 45 pages/min), scraped 19194 items (at 42 items/min)
2023-06-03 04:35:46 [scrapy.extensions.logstats] INFO: Crawled 20848 pages (at 51 pages/min), scraped 19241 items (at 47 items/min)
2023-06-03 04:36:46 [scrapy.extensions.logstats] INFO: Crawled 20899 pages (at 51 pages/min), scraped 19287 items (at 46 items/min)
2023-06-03 04:37:46 [scrapy.extensions.logstats] INFO: Crawled 20947 pages (at 48 pages/min), scraped 19332 items (at 45 items/min)
2023-06-03 04:38:46 [scrapy.extensions.logstats] INFO: Crawled 20994 pages (at 47 pages/min), scraped 19376 items (at 44 items/min)
2023-06-03 04:39:46 [scrapy.extensions.logstats] INFO: Crawled 21043 pages (at 49 pages/min), scraped 19421 items (at 45 items/min)
2023-06-03 04:40:46 [scrapy.extensions.logstats] INFO: Crawled 21095 pages (at 52 pages/min), scraped 19469 items (at 48 items/min)
2023-06-03 04:41:46 [scrapy.extensions.logstats] INFO: Crawled 21144 pages (at 49 pages/min), scraped 19515 items (at 46 items/min)
2023-06-03 04:42:46 [scrapy.extensions.logstats] INFO: Crawled 21192 pages (at 48 pages/min), scraped 19558 items (at 43 items/min)
2023-06-03 04:43:46 [scrapy.extensions.logstats] INFO: Crawled 21243 pages (at 51 pages/min), scraped 19606 items (at 48 items/min)
2023-06-03 04:44:46 [scrapy.extensions.logstats] INFO: Crawled 21291 pages (at 48 pages/min), scraped 19650 items (at 44 items/min)
2023-06-03 04:45:46 [scrapy.extensions.logstats] INFO: Crawled 21341 pages (at 50 pages/min), scraped 19696 items (at 46 items/min)
2023-06-03 04:46:46 [scrapy.extensions.logstats] INFO: Crawled 21389 pages (at 48 pages/min), scraped 19740 items (at 44 items/min)
2023-06-03 04:47:46 [scrapy.extensions.logstats] INFO: Crawled 21434 pages (at 45 pages/min), scraped 19782 items (at 42 items/min)
2023-06-03 04:48:46 [scrapy.extensions.logstats] INFO: Crawled 21483 pages (at 49 pages/min), scraped 19827 items (at 45 items/min)
2023-06-03 04:49:46 [scrapy.extensions.logstats] INFO: Crawled 21532 pages (at 49 pages/min), scraped 19872 items (at 45 items/min)
2023-06-03 04:50:46 [scrapy.extensions.logstats] INFO: Crawled 21583 pages (at 51 pages/min), scraped 19920 items (at 48 items/min)
2023-06-03 04:51:46 [scrapy.extensions.logstats] INFO: Crawled 21631 pages (at 48 pages/min), scraped 19964 items (at 44 items/min)
2023-06-03 04:52:46 [scrapy.extensions.logstats] INFO: Crawled 21677 pages (at 46 pages/min), scraped 20006 items (at 42 items/min)
2023-06-03 04:53:46 [scrapy.extensions.logstats] INFO: Crawled 21727 pages (at 50 pages/min), scraped 20052 items (at 46 items/min)
2023-06-03 04:54:46 [scrapy.extensions.logstats] INFO: Crawled 21777 pages (at 50 pages/min), scraped 20099 items (at 47 items/min)
2023-06-03 04:55:46 [scrapy.extensions.logstats] INFO: Crawled 21826 pages (at 49 pages/min), scraped 20144 items (at 45 items/min)
2023-06-03 04:56:46 [scrapy.extensions.logstats] INFO: Crawled 21872 pages (at 46 pages/min), scraped 20186 items (at 42 items/min)
2023-06-03 04:57:46 [scrapy.extensions.logstats] INFO: Crawled 21922 pages (at 50 pages/min), scraped 20233 items (at 47 items/min)
2023-06-03 04:58:46 [scrapy.extensions.logstats] INFO: Crawled 21972 pages (at 50 pages/min), scraped 20278 items (at 45 items/min)
2023-06-03 04:59:46 [scrapy.extensions.logstats] INFO: Crawled 22021 pages (at 49 pages/min), scraped 20324 items (at 46 items/min)
2023-06-03 05:00:46 [scrapy.extensions.logstats] INFO: Crawled 22071 pages (at 50 pages/min), scraped 20370 items (at 46 items/min)
2023-06-03 05:01:46 [scrapy.extensions.logstats] INFO: Crawled 22119 pages (at 48 pages/min), scraped 20414 items (at 44 items/min)
2023-06-03 05:02:46 [scrapy.extensions.logstats] INFO: Crawled 22171 pages (at 52 pages/min), scraped 20462 items (at 48 items/min)
2023-06-03 05:03:46 [scrapy.extensions.logstats] INFO: Crawled 22219 pages (at 48 pages/min), scraped 20506 items (at 44 items/min)
2023-06-03 05:04:46 [scrapy.extensions.logstats] INFO: Crawled 22268 pages (at 49 pages/min), scraped 20552 items (at 46 items/min)
2023-06-03 05:05:46 [scrapy.extensions.logstats] INFO: Crawled 22314 pages (at 46 pages/min), scraped 20593 items (at 41 items/min)
2023-06-03 05:06:46 [scrapy.extensions.logstats] INFO: Crawled 22365 pages (at 51 pages/min), scraped 20641 items (at 48 items/min)
2023-06-03 05:07:46 [scrapy.extensions.logstats] INFO: Crawled 22414 pages (at 49 pages/min), scraped 20686 items (at 45 items/min)
2023-06-03 05:08:46 [scrapy.extensions.logstats] INFO: Crawled 22465 pages (at 51 pages/min), scraped 20734 items (at 48 items/min)
2023-06-03 05:09:46 [scrapy.extensions.logstats] INFO: Crawled 22512 pages (at 47 pages/min), scraped 20777 items (at 43 items/min)
2023-06-03 05:10:46 [scrapy.extensions.logstats] INFO: Crawled 22561 pages (at 49 pages/min), scraped 20822 items (at 45 items/min)
2023-06-03 05:11:46 [scrapy.extensions.logstats] INFO: Crawled 22609 pages (at 48 pages/min), scraped 20866 items (at 44 items/min)
2023-06-03 05:12:46 [scrapy.extensions.logstats] INFO: Crawled 22658 pages (at 49 pages/min), scraped 20912 items (at 46 items/min)
2023-06-03 05:13:46 [scrapy.extensions.logstats] INFO: Crawled 22708 pages (at 50 pages/min), scraped 20958 items (at 46 items/min)
2023-06-03 05:14:46 [scrapy.extensions.logstats] INFO: Crawled 22757 pages (at 49 pages/min), scraped 21003 items (at 45 items/min)
2023-06-03 05:15:46 [scrapy.extensions.logstats] INFO: Crawled 22806 pages (at 49 pages/min), scraped 21049 items (at 46 items/min)
2023-06-03 05:16:46 [scrapy.extensions.logstats] INFO: Crawled 22858 pages (at 52 pages/min), scraped 21097 items (at 48 items/min)
2023-06-03 05:17:46 [scrapy.extensions.logstats] INFO: Crawled 22908 pages (at 50 pages/min), scraped 21142 items (at 45 items/min)
2023-06-03 05:18:46 [scrapy.extensions.logstats] INFO: Crawled 22955 pages (at 47 pages/min), scraped 21186 items (at 44 items/min)
2023-06-03 05:19:46 [scrapy.extensions.logstats] INFO: Crawled 23004 pages (at 49 pages/min), scraped 21232 items (at 46 items/min)
2023-06-03 05:20:46 [scrapy.extensions.logstats] INFO: Crawled 23054 pages (at 50 pages/min), scraped 21277 items (at 45 items/min)
2023-06-03 05:21:46 [scrapy.extensions.logstats] INFO: Crawled 23101 pages (at 47 pages/min), scraped 21321 items (at 44 items/min)
2023-06-03 05:22:46 [scrapy.extensions.logstats] INFO: Crawled 23148 pages (at 47 pages/min), scraped 21364 items (at 43 items/min)
2023-06-03 05:23:46 [scrapy.extensions.logstats] INFO: Crawled 23197 pages (at 49 pages/min), scraped 21409 items (at 45 items/min)
2023-06-03 05:24:46 [scrapy.extensions.logstats] INFO: Crawled 23247 pages (at 50 pages/min), scraped 21456 items (at 47 items/min)
2023-06-03 05:25:46 [scrapy.extensions.logstats] INFO: Crawled 23294 pages (at 47 pages/min), scraped 21499 items (at 43 items/min)
2023-06-03 05:26:46 [scrapy.extensions.logstats] INFO: Crawled 23343 pages (at 49 pages/min), scraped 21545 items (at 46 items/min)
2023-06-03 05:27:46 [scrapy.extensions.logstats] INFO: Crawled 23393 pages (at 50 pages/min), scraped 21590 items (at 45 items/min)
2023-06-03 05:28:46 [scrapy.extensions.logstats] INFO: Crawled 23445 pages (at 52 pages/min), scraped 21638 items (at 48 items/min)
2023-06-03 05:29:46 [scrapy.extensions.logstats] INFO: Crawled 23491 pages (at 46 pages/min), scraped 21681 items (at 43 items/min)
2023-06-03 05:30:46 [scrapy.extensions.logstats] INFO: Crawled 23543 pages (at 52 pages/min), scraped 21729 items (at 48 items/min)
2023-06-03 05:31:46 [scrapy.extensions.logstats] INFO: Crawled 23591 pages (at 48 pages/min), scraped 21773 items (at 44 items/min)
2023-06-03 05:32:46 [scrapy.extensions.logstats] INFO: Crawled 23639 pages (at 48 pages/min), scraped 21818 items (at 45 items/min)
2023-06-03 05:33:46 [scrapy.extensions.logstats] INFO: Crawled 23687 pages (at 48 pages/min), scraped 21861 items (at 43 items/min)
2023-06-03 05:34:46 [scrapy.extensions.logstats] INFO: Crawled 23736 pages (at 49 pages/min), scraped 21907 items (at 46 items/min)
2023-06-03 05:35:46 [scrapy.extensions.logstats] INFO: Crawled 23786 pages (at 50 pages/min), scraped 21953 items (at 46 items/min)
2023-06-03 05:36:46 [scrapy.extensions.logstats] INFO: Crawled 23834 pages (at 48 pages/min), scraped 21997 items (at 44 items/min)
2023-06-03 05:37:46 [scrapy.extensions.logstats] INFO: Crawled 23882 pages (at 48 pages/min), scraped 22041 items (at 44 items/min)
2023-06-03 05:38:46 [scrapy.extensions.logstats] INFO: Crawled 23931 pages (at 49 pages/min), scraped 22087 items (at 46 items/min)
2023-06-03 05:39:46 [scrapy.extensions.logstats] INFO: Crawled 23980 pages (at 49 pages/min), scraped 22132 items (at 45 items/min)
2023-06-03 05:40:46 [scrapy.extensions.logstats] INFO: Crawled 24030 pages (at 50 pages/min), scraped 22178 items (at 46 items/min)
2023-06-03 05:41:46 [scrapy.extensions.logstats] INFO: Crawled 24078 pages (at 48 pages/min), scraped 22222 items (at 44 items/min)
2023-06-03 05:42:46 [scrapy.extensions.logstats] INFO: Crawled 24127 pages (at 49 pages/min), scraped 22268 items (at 46 items/min)
2023-06-03 05:43:46 [scrapy.extensions.logstats] INFO: Crawled 24172 pages (at 45 pages/min), scraped 22309 items (at 41 items/min)
2023-06-03 05:44:46 [scrapy.extensions.logstats] INFO: Crawled 24222 pages (at 50 pages/min), scraped 22355 items (at 46 items/min)
2023-06-03 05:45:46 [scrapy.extensions.logstats] INFO: Crawled 24271 pages (at 49 pages/min), scraped 22401 items (at 46 items/min)
2023-06-03 05:46:46 [scrapy.extensions.logstats] INFO: Crawled 24321 pages (at 50 pages/min), scraped 22447 items (at 46 items/min)
2023-06-03 05:47:46 [scrapy.extensions.logstats] INFO: Crawled 24370 pages (at 49 pages/min), scraped 22492 items (at 45 items/min)
2023-06-03 05:48:46 [scrapy.extensions.logstats] INFO: Crawled 24418 pages (at 48 pages/min), scraped 22536 items (at 44 items/min)
2023-06-03 05:49:46 [scrapy.extensions.logstats] INFO: Crawled 24469 pages (at 51 pages/min), scraped 22583 items (at 47 items/min)
2023-06-03 05:50:46 [scrapy.extensions.logstats] INFO: Crawled 24516 pages (at 47 pages/min), scraped 22626 items (at 43 items/min)
2023-06-03 05:51:46 [scrapy.extensions.logstats] INFO: Crawled 24564 pages (at 48 pages/min), scraped 22670 items (at 44 items/min)
2023-06-03 05:52:46 [scrapy.extensions.logstats] INFO: Crawled 24612 pages (at 48 pages/min), scraped 22715 items (at 45 items/min)
2023-06-03 05:53:46 [scrapy.extensions.logstats] INFO: Crawled 24662 pages (at 50 pages/min), scraped 22762 items (at 47 items/min)
2023-06-03 05:54:46 [scrapy.extensions.logstats] INFO: Crawled 24711 pages (at 49 pages/min), scraped 22807 items (at 45 items/min)
2023-06-03 05:55:46 [scrapy.extensions.logstats] INFO: Crawled 24757 pages (at 46 pages/min), scraped 22849 items (at 42 items/min)
2023-06-03 05:56:46 [scrapy.extensions.logstats] INFO: Crawled 24805 pages (at 48 pages/min), scraped 22893 items (at 44 items/min)
2023-06-03 05:56:49 [scrapy.core.engine] INFO: Closing spider (finished)
2023-06-03 05:56:49 [scrapy.extensions.feedexport] INFO: Stored json feed (22896 items) in: formulanewsge.json
2023-06-03 05:56:49 [scrapy.statscollectors] INFO: Dumping Scrapy stats:
{'downloader/exception_count': 1,
 'downloader/exception_type_count/twisted.web._newclient.ResponseNeverReceived': 1,
 'downloader/request_bytes': 9858125,
 'downloader/request_count': 24810,
 'downloader/request_method_count/GET': 24810,
 'downloader/response_bytes': 407593961,
 'downloader/response_count': 24809,
 'downloader/response_status_count/200': 24807,
 'downloader/response_status_count/301': 1,
 'downloader/response_status_count/403': 1,
 'dupefilter/filtered': 13,
 'elapsed_time_seconds': 30422.392335,
 'feedexport/success_count/FileFeedStorage': 1,
 'finish_reason': 'finished',
 'finish_time': datetime.datetime(2023, 6, 3, 1, 56, 49, 342183),
 'httpcompression/response_bytes': 1667017062,
 'httpcompression/response_count': 24808,
 'httperror/response_ignored_count': 1,
 'httperror/response_ignored_status_count/403': 1,
 'item_scraped_count': 22896,
 'log_count/INFO': 519,
 'request_depth_max': 1910,
 'response_received_count': 24808,
 'retry/count': 1,
 'retry/reason_count/twisted.web._newclient.ResponseNeverReceived': 1,
 'scheduler/dequeued': 24810,
 'scheduler/dequeued/memory': 24810,
 'scheduler/enqueued': 24810,
 'scheduler/enqueued/memory': 24810,
 'start_time': datetime.datetime(2023, 6, 2, 17, 29, 46, 949848)}
2023-06-03 05:56:49 [scrapy.core.engine] INFO: Spider closed (finished)
