2023-06-02 18:34:48 [scrapy.extensions.telnet] INFO: Telnet Password: 5fb68a78e6b27dbb
2023-06-02 18:34:48 [scrapy.middleware] INFO: Enabled extensions:
['scrapy.extensions.corestats.CoreStats',
 'scrapy.extensions.telnet.TelnetConsole',
 'scrapy.extensions.feedexport.FeedExporter',
 'scrapy.extensions.logstats.LogStats']
2023-06-02 18:34:48 [scrapy.middleware] INFO: Enabled downloader middlewares:
['scrapy.downloadermiddlewares.httpauth.HttpAuthMiddleware',
 'scrapy.downloadermiddlewares.downloadtimeout.DownloadTimeoutMiddleware',
 'scrapy.downloadermiddlewares.defaultheaders.DefaultHeadersMiddleware',
 'scrapy.downloadermiddlewares.useragent.UserAgentMiddleware',
 'scrapy.downloadermiddlewares.retry.RetryMiddleware',
 'scrapy.downloadermiddlewares.redirect.MetaRefreshMiddleware',
 'scrapy.downloadermiddlewares.httpcompression.HttpCompressionMiddleware',
 'scrapy.downloadermiddlewares.redirect.RedirectMiddleware',
 'scrapy.downloadermiddlewares.cookies.CookiesMiddleware',
 'scrapy.downloadermiddlewares.httpproxy.HttpProxyMiddleware',
 'scrapy.downloadermiddlewares.stats.DownloaderStats']
2023-06-02 18:34:48 [scrapy.middleware] INFO: Enabled spider middlewares:
['scrapy.spidermiddlewares.httperror.HttpErrorMiddleware',
 'scrapy.spidermiddlewares.offsite.OffsiteMiddleware',
 'scrapy.spidermiddlewares.referer.RefererMiddleware',
 'scrapy.spidermiddlewares.urllength.UrlLengthMiddleware',
 'scrapy.spidermiddlewares.depth.DepthMiddleware']
2023-06-02 18:34:48 [scrapy.middleware] INFO: Enabled item pipelines:
[]
2023-06-02 18:34:48 [scrapy.core.engine] INFO: Spider opened
2023-06-02 18:34:48 [scrapy.extensions.logstats] INFO: Crawled 0 pages (at 0 pages/min), scraped 0 items (at 0 items/min)
2023-06-02 18:34:48 [scrapy.extensions.telnet] INFO: Telnet console listening on 127.0.0.1:6024
2023-06-02 18:35:49 [scrapy.extensions.logstats] INFO: Crawled 38 pages (at 38 pages/min), scraped 7600 items (at 7600 items/min)
2023-06-02 18:36:49 [scrapy.extensions.logstats] INFO: Crawled 76 pages (at 38 pages/min), scraped 15200 items (at 7600 items/min)
2023-06-02 18:37:49 [scrapy.extensions.logstats] INFO: Crawled 114 pages (at 38 pages/min), scraped 22800 items (at 7600 items/min)
2023-06-02 18:38:49 [scrapy.extensions.logstats] INFO: Crawled 152 pages (at 38 pages/min), scraped 30200 items (at 7400 items/min)
2023-06-02 18:39:49 [scrapy.extensions.logstats] INFO: Crawled 189 pages (at 37 pages/min), scraped 37800 items (at 7600 items/min)
2023-06-02 18:40:49 [scrapy.extensions.logstats] INFO: Crawled 225 pages (at 36 pages/min), scraped 44918 items (at 7118 items/min)
2023-06-02 18:41:49 [scrapy.extensions.logstats] INFO: Crawled 260 pages (at 35 pages/min), scraped 51996 items (at 7078 items/min)
2023-06-02 18:42:49 [scrapy.extensions.logstats] INFO: Crawled 294 pages (at 34 pages/min), scraped 58800 items (at 6804 items/min)
2023-06-02 18:43:48 [scrapy.extensions.logstats] INFO: Crawled 331 pages (at 37 pages/min), scraped 66200 items (at 7400 items/min)
2023-06-02 18:44:49 [scrapy.extensions.logstats] INFO: Crawled 370 pages (at 39 pages/min), scraped 74000 items (at 7800 items/min)
2023-06-02 18:45:48 [scrapy.extensions.logstats] INFO: Crawled 407 pages (at 37 pages/min), scraped 81400 items (at 7400 items/min)
2023-06-02 18:46:49 [scrapy.extensions.logstats] INFO: Crawled 447 pages (at 40 pages/min), scraped 89400 items (at 8000 items/min)
2023-06-02 18:47:32 [scrapy.core.engine] INFO: Closing spider (finished)
2023-06-02 18:47:32 [scrapy.extensions.feedexport] INFO: Stored json feed (95293 items) in: imedinewsge.json
2023-06-02 18:47:32 [scrapy.statscollectors] INFO: Dumping Scrapy stats:
{'downloader/request_bytes': 183905,
 'downloader/request_count': 477,
 'downloader/request_method_count/GET': 477,
 'downloader/response_bytes': 106187522,
 'downloader/response_count': 477,
 'downloader/response_status_count/200': 477,
 'elapsed_time_seconds': 763.711063,
 'feedexport/success_count/FileFeedStorage': 1,
 'finish_reason': 'finished',
 'finish_time': datetime.datetime(2023, 6, 2, 14, 47, 32, 686714),
 'httpcompression/response_bytes': 679882877,
 'httpcompression/response_count': 477,
 'item_scraped_count': 95293,
 'log_count/INFO': 23,
 'request_depth_max': 476,
 'response_received_count': 477,
 'scheduler/dequeued': 477,
 'scheduler/dequeued/memory': 477,
 'scheduler/enqueued': 477,
 'scheduler/enqueued/memory': 477,
 'start_time': datetime.datetime(2023, 6, 2, 14, 34, 48, 975651)}
2023-06-02 18:47:32 [scrapy.core.engine] INFO: Spider closed (finished)
